2024-11-11 16:16:31 INFO  Utils:112 - [TestNG] Running:
  C:\Users\kmk\OneDrive - ALLEGIS GROUP\Documents\KARTHIK-M-K\INTELLIJ-IDEA\SELENIUM-JAVA\Opencart_V1\master.xml

2024-11-11 16:16:38 INFO  TC001_Account_Registration_Test:16 - ***** Starting TC001_Account_Registration_Test *****
2024-11-11 16:16:38 INFO  TC001_Account_Registration_Test:20 - Clicked on My_Account Link.....
2024-11-11 16:16:39 INFO  TC001_Account_Registration_Test:22 - Clicked on Register Link.....
2024-11-11 16:16:40 INFO  TC001_Account_Registration_Test:33 - Providing Customer Details.....
2024-11-11 16:16:40 INFO  TC001_Account_Registration_Test:36 - Selected the Agree Checkbox.....
2024-11-11 16:16:41 INFO  TC001_Account_Registration_Test:39 - Clicked on Continue Button.....
2024-11-11 16:16:41 INFO  TC001_Account_Registration_Test:44 - Validated the Expected Message.....
2024-11-11 16:16:41 INFO  TC001_Account_Registration_Test:58 - ***** Finished TC001_Account_Registration_Test *****
2024-11-11 16:16:45 INFO  TC002_Login_Test:17 - ***** Starting TC002_Login_Test *****
2024-11-11 16:16:45 INFO  TC002_Login_Test:20 - Clicked on MyAccount.....
2024-11-11 16:16:46 INFO  TC002_Login_Test:22 - Clicked on Login.....
2024-11-11 16:16:46 INFO  TC002_Login_Test:27 - Provided Login Details.....
2024-11-11 16:16:47 INFO  TC002_Login_Test:30 - Clicked on Login Button.....
2024-11-11 16:16:47 INFO  TC002_Login_Test:41 - ***** Finished TC002_Login_Test *****
2024-11-11 16:17:33 INFO  Utils:112 - [TestNG] Running:
  C:\Users\kmk\OneDrive - ALLEGIS GROUP\Documents\KARTHIK-M-K\INTELLIJ-IDEA\SELENIUM-JAVA\Opencart_V1\master.xml

2024-11-11 16:18:21 INFO  Utils:112 - [TestNG] Running:
  C:\Users\kmk\OneDrive - ALLEGIS GROUP\Documents\KARTHIK-M-K\INTELLIJ-IDEA\SELENIUM-JAVA\Opencart_V1\seleniumGrid.xml

2024-11-11 16:18:26 INFO  TC001_Account_Registration_Test:16 - ***** Starting TC001_Account_Registration_Test *****
2024-11-11 16:18:26 INFO  TC001_Account_Registration_Test:20 - Clicked on My_Account Link.....
2024-11-11 16:18:27 INFO  TC001_Account_Registration_Test:22 - Clicked on Register Link.....
2024-11-11 16:18:29 INFO  TC001_Account_Registration_Test:33 - Providing Customer Details.....
2024-11-11 16:18:29 INFO  TC001_Account_Registration_Test:36 - Selected the Agree Checkbox.....
2024-11-11 16:18:30 INFO  TC001_Account_Registration_Test:39 - Clicked on Continue Button.....
2024-11-11 16:18:30 INFO  TC001_Account_Registration_Test:44 - Validated the Expected Message.....
2024-11-11 16:18:30 INFO  TC001_Account_Registration_Test:58 - ***** Finished TC001_Account_Registration_Test *****
2024-11-11 16:18:34 INFO  TC002_Login_Test:17 - ***** Starting TC002_Login_Test *****
2024-11-11 16:18:34 INFO  TC002_Login_Test:20 - Clicked on MyAccount.....
2024-11-11 16:18:34 INFO  TC002_Login_Test:22 - Clicked on Login.....
2024-11-11 16:18:35 INFO  TC002_Login_Test:27 - Provided Login Details.....
2024-11-11 16:18:36 INFO  TC002_Login_Test:30 - Clicked on Login Button.....
2024-11-11 16:18:36 INFO  TC002_Login_Test:41 - ***** Finished TC002_Login_Test *****
2024-11-11 16:18:55 INFO  TC001_Account_Registration_Test:16 - ***** Starting TC001_Account_Registration_Test *****
2024-11-11 16:18:55 INFO  TC001_Account_Registration_Test:20 - Clicked on My_Account Link.....
2024-11-11 16:18:56 INFO  TC001_Account_Registration_Test:22 - Clicked on Register Link.....
2024-11-11 16:18:57 INFO  TC001_Account_Registration_Test:33 - Providing Customer Details.....
2024-11-11 16:18:57 INFO  TC001_Account_Registration_Test:36 - Selected the Agree Checkbox.....
2024-11-11 16:18:58 INFO  TC001_Account_Registration_Test:39 - Clicked on Continue Button.....
2024-11-11 16:18:58 INFO  TC001_Account_Registration_Test:44 - Validated the Expected Message.....
2024-11-11 16:18:58 INFO  TC001_Account_Registration_Test:58 - ***** Finished TC001_Account_Registration_Test *****
2024-11-11 16:19:05 INFO  TC002_Login_Test:17 - ***** Starting TC002_Login_Test *****
2024-11-11 16:19:05 INFO  TC002_Login_Test:20 - Clicked on MyAccount.....
2024-11-11 16:19:06 INFO  TC002_Login_Test:22 - Clicked on Login.....
2024-11-11 16:19:06 INFO  TC002_Login_Test:27 - Provided Login Details.....
2024-11-11 16:19:07 INFO  TC002_Login_Test:30 - Clicked on Login Button.....
2024-11-11 16:19:07 INFO  TC002_Login_Test:41 - ***** Finished TC002_Login_Test *****
